<?xml version="1.0" encoding="UTF-8"?>
<testng-results total="2" passed="2" failed="0" skipped="0">
  <reporter-output>
  </reporter-output>
  <suite started-at="2024-10-27T21:03:27Z" name="Test Suite for Buildout" finished-at="2024-10-27T21:04:41Z" duration-ms="73724">
    <groups>
    </groups>
    <test started-at="2024-10-27T21:03:27Z" name="Test Cases for Buildout" finished-at="2024-10-27T21:04:41Z" duration-ms="73724">
      <class name="demo.TestCases">
        <test-method is-config="true" signature="startBrowser()[pri:0, instance:demo.TestCases@47a5b70d]" started-at="2024-10-28T02:33:27Z" name="startBrowser" finished-at="2024-10-28T02:33:38Z" duration-ms="11109" status="PASS">
          <reporter-output>
          </reporter-output>
        </test-method> <!-- startBrowser -->
        <test-method signature="testCase01()[pri:1, instance:demo.TestCases@47a5b70d]" started-at="2024-10-28T02:33:38Z" name="testCase01" description="Test scraping Hockey team data" finished-at="2024-10-28T02:34:13Z" duration-ms="34919" status="PASS">
          <reporter-output>
          </reporter-output>
        </test-method> <!-- testCase01 -->
        <test-method signature="testCase02()[pri:2, instance:demo.TestCases@47a5b70d]" started-at="2024-10-28T02:34:13Z" name="testCase02" description="Test scraping Oscar movie data" finished-at="2024-10-28T02:34:39Z" duration-ms="26181" status="PASS">
          <reporter-output>
          </reporter-output>
        </test-method> <!-- testCase02 -->
        <test-method is-config="true" signature="endTest()[pri:0, instance:demo.TestCases@47a5b70d]" started-at="2024-10-28T02:34:39Z" name="endTest" finished-at="2024-10-28T02:34:41Z" duration-ms="1479" status="PASS">
          <reporter-output>
          </reporter-output>
        </test-method> <!-- endTest -->
      </class> <!-- demo.TestCases -->
    </test> <!-- Test Cases for Buildout -->
  </suite> <!-- Test Suite for Buildout -->
</testng-results>
